[2025-08-26 04:55:55] [INFO] === ISUCON Toolkit 実行開始 ===
[2025-08-26 04:55:55] [INFO] コマンド: status
[2025-08-26 04:55:55] [===] ISUCON分析ツールキット 状況確認
[2025-08-26 04:55:55] [INFO] === システム情報 ===
[2025-08-26 04:55:55] [INFO] OS: Darwin 24.5.0
[2025-08-26 04:55:55] [INFO] ホスト: hogefugapiyo.local
[2025-08-26 04:55:55] [INFO] 日時: #午後
[2025-08-26 04:55:55] [INFO] 作業ディレクトリ: /Users/mynameis/Documents/Cursor/isucon14-prod/scripts/isucon_toolkit
[2025-08-26 04:55:55] [INFO] === ツール状況 ===
[2025-08-26 04:55:55] [WARNING] × 無効
[2025-08-26 04:55:55] [WARNING] × 未インストール
[2025-08-26 04:55:55] [WARNING] × 停止中
[2025-08-26 04:55:55] [SUCCESS] ✓ Go利用可能
[2025-08-26 04:55:55] [WARNING]   × pprofサーバー未起動
[2025-08-26 04:55:55] [INFO] === ディスク使用状況 ===
[2025-08-26 04:55:55] [INFO] slowquery_logs: 未作成
[2025-08-26 04:55:55] [INFO] slowquery_analysis: 未作成
[2025-08-26 04:55:55] [INFO] alp_logs: 未作成
[2025-08-26 04:55:55] [INFO] alp_analysis: 未作成
[2025-08-26 04:55:55] [INFO] pprof_data: 未作成
[2025-08-26 04:55:55] [INFO] pprof_analysis: 未作成
[2025-08-26 04:55:55] [INFO] reports: 未作成
[2025-08-26 04:55:55] [SUCCESS] 状況確認完了
[2025-08-26 04:55:55] [SUCCESS] 実行完了
[2025-08-26 04:57:14] [INFO] === ISUCON Toolkit 実行開始 ===
[2025-08-26 04:57:14] [INFO] コマンド: status
[2025-08-26 04:57:14] [===] ISUCON分析ツールキット 状況確認
[2025-08-26 04:57:14] [INFO] === システム情報 ===
[2025-08-26 04:57:14] [INFO] OS: Darwin 24.5.0
[2025-08-26 04:57:14] [INFO] ホスト: hogefugapiyo.local
[2025-08-26 04:57:14] [INFO] 日時: #午後
[2025-08-26 04:57:14] [INFO] 作業ディレクトリ: /Users/mynameis/Documents/Cursor/isucon14-prod/scripts/isucon_toolkit
[2025-08-26 04:57:14] [INFO] === ツール状況 ===
[2025-08-26 04:57:14] [WARNING] × 無効
[2025-08-26 04:57:14] [WARNING] × 未インストール
[2025-08-26 04:57:14] [WARNING] × 停止中
[2025-08-26 04:57:14] [SUCCESS] ✓ Go利用可能
[2025-08-26 04:57:14] [WARNING]   × pprofサーバー未起動
[2025-08-26 04:57:14] [INFO] === ディスク使用状況 ===
[2025-08-26 04:57:14] [INFO] slowquery_logs: 未作成
[2025-08-26 04:57:14] [INFO] slowquery_analysis: 未作成
[2025-08-26 04:57:14] [INFO] alp_logs: 未作成
[2025-08-26 04:57:14] [INFO] alp_analysis: 未作成
[2025-08-26 04:57:14] [INFO] pprof_data: 未作成
[2025-08-26 04:57:14] [INFO] pprof_analysis: 未作成
[2025-08-26 04:57:14] [INFO] reports: 未作成
[2025-08-26 04:57:14] [SUCCESS] 状況確認完了
[2025-08-26 04:57:14] [SUCCESS] 実行完了
[2025-08-26 04:59:31] [INFO] === ISUCON Toolkit 実行開始 ===
[2025-08-26 04:59:31] [INFO] コマンド: analyze-slowquery
